{"/Users/Andrew/Documents/Portfolio/TPL_APP/CommitmentCard/js/FutureEventsShow.js": {"path":"/Users/Andrew/Documents/Portfolio/TPL_APP/CommitmentCard/js/FutureEventsShow.js","statementMap":{"0":{"start":{"line":3,"column":25},"end":{"line":19,"column":2}},"1":{"start":{"line":5,"column":2},"end":{"line":7,"column":7}},"2":{"start":{"line":6,"column":6},"end":{"line":6,"column":68}},"3":{"start":{"line":11,"column":2},"end":{"line":17,"column":3}}},"fnMap":{"0":{"name":"(anonymous_0)","decl":{"start":{"line":5,"column":32},"end":{"line":5,"column":33}},"loc":{"start":{"line":5,"column":43},"end":{"line":7,"column":6}}}},"branchMap":{},"s":{"0":2,"1":0,"2":0,"3":0},"f":{"0":0},"b":{},"_coverageSchema":"332fd63041d2c1bcb487cc26dd0d5f7d97098a6c","hash":"f4af47a5ccdca6667185e4d56e6b5ec78e9f9bff"}
,"/Users/Andrew/Documents/Portfolio/TPL_APP/CommitmentCard/js/Search.js": {"path":"/Users/Andrew/Documents/Portfolio/TPL_APP/CommitmentCard/js/Search.js","statementMap":{"0":{"start":{"line":6,"column":15},"end":{"line":38,"column":2}},"1":{"start":{"line":8,"column":2},"end":{"line":10,"column":3}},"2":{"start":{"line":14,"column":2},"end":{"line":14,"column":48}},"3":{"start":{"line":18,"column":2},"end":{"line":20,"column":4}},"4":{"start":{"line":19,"column":3},"end":{"line":19,"column":104}},"5":{"start":{"line":24,"column":2},"end":{"line":36,"column":3}},"6":{"start":{"line":31,"column":5},"end":{"line":33,"column":6}}},"fnMap":{"0":{"name":"(anonymous_0)","decl":{"start":{"line":18,"column":23},"end":{"line":18,"column":24}},"loc":{"start":{"line":18,"column":32},"end":{"line":20,"column":3}}},"1":{"name":"(anonymous_1)","decl":{"start":{"line":30,"column":72},"end":{"line":30,"column":73}},"loc":{"start":{"line":30,"column":81},"end":{"line":34,"column":5}}}},"branchMap":{},"s":{"0":2,"1":3,"2":0,"3":4,"4":120,"5":3,"6":90},"f":{"0":120,"1":90},"b":{},"_coverageSchema":"332fd63041d2c1bcb487cc26dd0d5f7d97098a6c","hash":"e45bb0d69f31d4b0bb7d131c1c737220ea9dafde"}
,"/Users/Andrew/Documents/Portfolio/TPL_APP/CommitmentCard/js/ShowCom.js": {"path":"/Users/Andrew/Documents/Portfolio/TPL_APP/CommitmentCard/js/ShowCom.js","statementMap":{"0":{"start":{"line":3,"column":43},"end":{"line":3,"column":58}},"1":{"start":{"line":5,"column":16},"end":{"line":29,"column":2}},"2":{"start":{"line":18,"column":69},"end":{"line":18,"column":79}},"3":{"start":{"line":19,"column":2},"end":{"line":27,"column":3}}},"fnMap":{},"branchMap":{},"s":{"0":2,"1":2,"2":0,"3":0},"f":{},"b":{},"_coverageSchema":"332fd63041d2c1bcb487cc26dd0d5f7d97098a6c","hash":"5de83704e31d65d5ed5ec83c04f3d323789fe135"}
}
