TN:
SF:/Users/Andrew/Documents/Portfolio/TPL_APP/CommitmentCard/js/FutureEventsShow.js
FN:5,(anonymous_0)
FNF:1
FNH:0
FNDA:0,(anonymous_0)
DA:3,2
DA:5,0
DA:6,0
DA:11,0
LF:4
LH:1
BRF:0
BRH:0
end_of_record
TN:
SF:/Users/Andrew/Documents/Portfolio/TPL_APP/CommitmentCard/js/Search.js
FN:18,(anonymous_0)
FN:30,(anonymous_1)
FNF:2
FNH:2
FNDA:120,(anonymous_0)
FNDA:90,(anonymous_1)
DA:6,2
DA:8,3
DA:14,0
DA:18,4
DA:19,120
DA:24,3
DA:31,90
LF:7
LH:6
BRF:0
BRH:0
end_of_record
TN:
SF:/Users/Andrew/Documents/Portfolio/TPL_APP/CommitmentCard/js/ShowCom.js
FNF:0
FNH:0
DA:3,2
DA:5,2
DA:18,0
DA:19,0
LF:4
LH:2
BRF:0
BRH:0
end_of_record
